<?xml version="1.0" encoding="UTF-8"?>
<testsuite xmlns:xsi="http://www.w3.org/2001/XMLSchema-instance" xsi:noNamespaceSchemaLocation="https://maven.apache.org/surefire/maven-surefire-plugin/xsd/surefire-test-report-3.0.xsd" version="3.0" name="ExamPortal.ExamPortalApplicationTests" time="10.867" tests="1" errors="0" skipped="0" failures="0">
  <properties>
[...]
</properties>
  <testcase name="contextLoads" classname="ExamPortal.ExamPortalApplicationTests" time="0.029">
    <system-out><![CDATA[
  .   ____          _            __ _ _
 /\\ / ___'_ __ _ _(_)_ __  __ _ \ \ \ \
( ( )\___ | '_ | '_| | '_ \/ _` | \ \ \ \
 \\/  ___)| |_)| | | | | || (_| |  ) ) ) )
  '  |____| .__|_| |_|_| |_\__, | / / / /
 =========|_|==============|___/=/_/_/_/
 :: Spring Boot ::                (v3.2.2)

2024-06-01T15:03:31.636+02:00  INFO 21448 --- [           main] E.ExamPortalApplicationTests             : Starting ExamPortalApplicationTests using Java 21.0.1 with PID 21448 (started by Nikola Knezevic in C:\Users\Nikola Knezevic\Desktop\Projects\Merged GitHub Projects\Exam_Portal_Project\backend)
2024-06-01T15:03:31.645+02:00  INFO 21448 --- [           main] E.ExamPortalApplicationTests             : No active profile set, falling back to 1 default profile: "default"
2024-06-01T15:03:32.592+02:00  INFO 21448 --- [           main] .s.d.r.c.RepositoryConfigurationDelegate : Bootstrapping Spring Data JPA repositories in DEFAULT mode.
2024-06-01T15:03:32.682+02:00  INFO 21448 --- [           main] .s.d.r.c.RepositoryConfigurationDelegate : Finished Spring Data repository scanning in 83 ms. Found 8 JPA repository interfaces.
2024-06-01T15:03:33.602+02:00  INFO 21448 --- [           main] o.h.j.i.u.LogHelper                      : HHH000204: Processing PersistenceUnitInfo [name: default]
2024-06-01T15:03:33.750+02:00  INFO 21448 --- [           main] o.h.Version                              : HHH000412: Hibernate ORM core version 6.4.1.Final
2024-06-01T15:03:33.792+02:00  INFO 21448 --- [           main] o.h.c.i.RegionFactoryInitiator           : HHH000026: Second-level cache disabled
2024-06-01T15:03:33.919+02:00  INFO 21448 --- [           main] o.s.o.j.p.SpringPersistenceUnitInfo      : No LoadTimeWeaver setup: ignoring JPA class transformer
2024-06-01T15:03:33.962+02:00  INFO 21448 --- [           main] c.z.h.HikariDataSource                   : HikariPool-1 - Starting...
2024-06-01T15:03:34.980+02:00  INFO 21448 --- [           main] c.z.h.p.HikariPool                       : HikariPool-1 - Added connection com.mysql.cj.jdbc.ConnectionImpl@abe7d36
2024-06-01T15:03:34.984+02:00  INFO 21448 --- [           main] c.z.h.HikariDataSource                   : HikariPool-1 - Start completed.
2024-06-01T15:03:35.018+02:00  WARN 21448 --- [           main] o.h.o.deprecation                        : HHH90000025: MySQL8Dialect does not need to be specified explicitly using 'hibernate.dialect' (remove the property setting and it will be selected by default)
2024-06-01T15:03:35.021+02:00  WARN 21448 --- [           main] o.h.o.deprecation                        : HHH90000026: MySQL8Dialect has been deprecated; use org.hibernate.dialect.MySQLDialect instead
2024-06-01T15:03:36.021+02:00  INFO 21448 --- [           main] o.h.e.t.j.p.i.JtaPlatformInitiator       : HHH000489: No JTA platform available (set 'hibernate.transaction.jta.platform' to enable JTA platform integration)
2024-06-01T15:03:38.738+02:00  INFO 21448 --- [           main] j.LocalContainerEntityManagerFactoryBean : Initialized JPA EntityManagerFactory for persistence unit 'default'
2024-06-01T15:03:40.388+02:00  INFO 21448 --- [           main] o.s.s.w.DefaultSecurityFilterChain       : Will secure any request with [org.springframework.security.web.session.DisableEncodeUrlFilter@69b2ed81, org.springframework.security.web.context.request.async.WebAsyncManagerIntegrationFilter@4873d4cb, org.springframework.security.web.context.SecurityContextHolderFilter@511cc6fc, org.springframework.security.web.header.HeaderWriterFilter@199d1fb7, org.springframework.security.web.authentication.logout.LogoutFilter@37846cc2, ExamPortal.filter.JwtAuthFilter@4225b4e2, org.springframework.security.web.savedrequest.RequestCacheAwareFilter@4e885b9, org.springframework.security.web.servletapi.SecurityContextHolderAwareRequestFilter@1a6e940b, org.springframework.security.web.authentication.AnonymousAuthenticationFilter@31137f4d, org.springframework.security.web.session.SessionManagementFilter@127c5f20, org.springframework.security.web.access.ExceptionTranslationFilter@770635f8, org.springframework.security.web.access.intercept.AuthorizationFilter@78002333]
2024-06-01T15:03:40.942+02:00  WARN 21448 --- [           main] ion$DefaultTemplateResolverConfiguration : Cannot find template location: classpath:/templates/ (please add some templates, check your Thymeleaf configuration, or set spring.thymeleaf.check-template-location=false)
2024-06-01T15:03:41.015+02:00  INFO 21448 --- [           main] E.ExamPortalApplicationTests             : Started ExamPortalApplicationTests in 9.87 seconds (process running for 14.353)
]]></system-out>
  </testcase>
</testsuite>